Using pre-set license

 COMMAND LINE ARGUMENTS:
/Applications/Unity/Hub/Editor/2020.3.0f1/Unity.app/Contents/MacOS/Unity
-adb2
-batchMode
-noUpm
-name
AssetImportWorker0
-projectPath
/Users/michaelhatfield/UnityProjects/Version Control
-logFile
Logs/AssetImportWorker0.log
-srvPort
49759
Successfully changed project path to: /Users/michaelhatfield/UnityProjects/Version Control
/Users/michaelhatfield/UnityProjects/Version Control
Using Asset Import Pipeline V2.
Refreshing native plugins compatible for Editor in 21.67 ms, found 1 plugins.
Preloading 0 native plugins for Editor in 0.00 ms.
Initialize engine version: 2020.3.0f1 (c7b5465681fb)
[Subsystems] Discovering subsystems at path /Applications/Unity/Hub/Editor/2020.3.0f1/Unity.app/Contents/Resources/UnitySubsystems
[Subsystems] Discovering subsystems at path /Users/michaelhatfield/UnityProjects/Version Control/Assets
GfxDevice: creating device client; threaded=0
2021-03-21 13:11:10.228 Unity[1352:32539] (null) preferred device: Apple M1 (high power)
2021-03-21 13:11:10.228 Unity[1352:32539] Metal devices available: 1
2021-03-21 13:11:10.228 Unity[1352:32539] 0: Apple M1 (high power)
2021-03-21 13:11:10.228 Unity[1352:32539] Using device Apple M1 (high power)
Initializing Metal device caps: Apple M1
Initialize mono
Mono path[0] = '/Applications/Unity/Hub/Editor/2020.3.0f1/Unity.app/Contents/Managed'
Mono path[1] = '/Applications/Unity/Hub/Editor/2020.3.0f1/Unity.app/Contents/MonoBleedingEdge/lib/mono/unityjit'
Mono config path = '/Applications/Unity/Hub/Editor/2020.3.0f1/Unity.app/Contents/MonoBleedingEdge/etc'
Using monoOptions --debugger-agent=transport=dt_socket,embedding=1,server=y,suspend=n,address=127.0.0.1:56352
Begin MonoManager ReloadAssembly
Registering precompiled unity dll's ...
Register platform support module: /Applications/Unity/Hub/Editor/2020.3.0f1/PlaybackEngines/WebGLSupport/UnityEditor.WebGL.Extensions.dll
Register platform support module: /Applications/Unity/Hub/Editor/2020.3.0f1/Unity.app/Contents/PlaybackEngines/MacStandaloneSupport/UnityEditor.OSXStandalone.Extensions.dll
Registered in 0.001398 seconds.
Native extension for OSXStandalone target not found
Native extension for WebGL target not found
Refreshing native plugins compatible for Editor in 22.68 ms, found 1 plugins.
Preloading 0 native plugins for Editor in 0.00 ms.
Invoked RoslynAnalysisRunner static constructor.
RoslynAnalysisRunner will not be running.
RoslynAnalysisRunner has terminated.
Mono: successfully reloaded assembly
- Completed reload, in  3.134 seconds
Platform modules already initialized, skipping
Registering precompiled user dll's ...
Registered in 0.001532 seconds.
Begin MonoManager ReloadAssembly
Native extension for OSXStandalone target not found
Native extension for WebGL target not found
Refreshing native plugins compatible for Editor in 0.19 ms, found 1 plugins.
Preloading 0 native plugins for Editor in 0.00 ms.
Invoked RoslynAnalysisRunner static constructor.
RoslynAnalysisRunner will not be running.
RoslynAnalysisRunner has terminated.
Mono: successfully reloaded assembly
- Completed reload, in  1.725 seconds
Platform modules already initialized, skipping
========================================================================
Worker process is ready to serve import requests
Launching external process: /Applications/Unity/Hub/Editor/2020.3.0f1/Unity.app/Contents/Tools/UnityShaderCompiler
Launched and connected shader compiler UnityShaderCompiler after 0.03 seconds
Refreshing native plugins compatible for Editor in 0.17 ms, found 1 plugins.
Preloading 0 native plugins for Editor in 0.00 ms.
Unloading 1114 Unused Serialized files (Serialized files now loaded: 0)
System memory in use before: 113.9 MB.
System memory in use after: 113.9 MB.

Unloading 10 unused Assets to reduce memory usage. Loaded Objects now: 1556.
Total: 1.298625 ms (FindLiveObjects: 0.124834 ms CreateObjectMapping: 0.023500 ms MarkObjects: 1.072750 ms  DeleteObjects: 0.076750 ms)

========================================================================
Received Import Request.
  path: Assets/Rotate.cs
  artifactKey: Guid(2257028f47acb436f9606cb28c1239ab) Importer(815301076,1909f56bfc062723c751e8b465ee728b)
Start importing Assets/Rotate.cs using Guid(2257028f47acb436f9606cb28c1239ab) Importer(815301076,1909f56bfc062723c751e8b465ee728b)  -> (artifact id: 'f40cbc2099bc74d795e612e308924dcb') in 1.615027 seconds
  Import took 1.616916 seconds .

========================================================================
Received Prepare
Registering precompiled user dll's ...
Registered in 0.000210 seconds.
Begin MonoManager ReloadAssembly
Native extension for OSXStandalone target not found
Native extension for WebGL target not found
Refreshing native plugins compatible for Editor in 0.17 ms, found 1 plugins.
Preloading 0 native plugins for Editor in 0.00 ms.
Invoked RoslynAnalysisRunner static constructor.
RoslynAnalysisRunner will not be running.
RoslynAnalysisRunner has terminated.
Mono: successfully reloaded assembly
- Completed reload, in  1.649 seconds
Platform modules already initialized, skipping
Refreshing native plugins compatible for Editor in 0.10 ms, found 1 plugins.
Preloading 0 native plugins for Editor in 0.00 ms.
Unloading 1109 Unused Serialized files (Serialized files now loaded: 0)
System memory in use before: 118.3 MB.
System memory in use after: 118.4 MB.

Unloading 5 unused Assets to reduce memory usage. Loaded Objects now: 1559.
Total: 1.126875 ms (FindLiveObjects: 0.078875 ms CreateObjectMapping: 0.025042 ms MarkObjects: 0.977958 ms  DeleteObjects: 0.044375 ms)

========================================================================
Received Prepare
Registering precompiled user dll's ...
Registered in 0.000244 seconds.
Begin MonoManager ReloadAssembly
Native extension for OSXStandalone target not found
Native extension for WebGL target not found
Refreshing native plugins compatible for Editor in 0.18 ms, found 1 plugins.
Preloading 0 native plugins for Editor in 0.00 ms.
Invoked RoslynAnalysisRunner static constructor.
RoslynAnalysisRunner will not be running.
RoslynAnalysisRunner has terminated.
Mono: successfully reloaded assembly
- Completed reload, in  1.771 seconds
Platform modules already initialized, skipping
Refreshing native plugins compatible for Editor in 0.17 ms, found 1 plugins.
Preloading 0 native plugins for Editor in 0.00 ms.
Unloading 1109 Unused Serialized files (Serialized files now loaded: 0)
System memory in use before: 118.4 MB.
System memory in use after: 118.5 MB.

Unloading 5 unused Assets to reduce memory usage. Loaded Objects now: 1562.
Total: 1.174000 ms (FindLiveObjects: 0.115291 ms CreateObjectMapping: 0.023542 ms MarkObjects: 0.988875 ms  DeleteObjects: 0.045291 ms)

========================================================================
Received Import Request.
  Time since last request: 98.540923 seconds.
  path: Assets/Rotate.cs
  artifactKey: Guid(2257028f47acb436f9606cb28c1239ab) Importer(815301076,1909f56bfc062723c751e8b465ee728b)
Start importing Assets/Rotate.cs using Guid(2257028f47acb436f9606cb28c1239ab) Importer(815301076,1909f56bfc062723c751e8b465ee728b)  -> (artifact id: 'f8b7e1bccb98aa136390a4cc2a9a2d3d') in 0.016808 seconds
  Import took 0.018179 seconds .

========================================================================
Received Import Request.
  Time since last request: 3.408342 seconds.
  path: Assets/Rotate.cs
  artifactKey: Guid(2257028f47acb436f9606cb28c1239ab) Importer(815301076,1909f56bfc062723c751e8b465ee728b)
Start importing Assets/Rotate.cs using Guid(2257028f47acb436f9606cb28c1239ab) Importer(815301076,1909f56bfc062723c751e8b465ee728b)  -> (artifact id: 'f8b7e1bccb98aa136390a4cc2a9a2d3d') in 0.002851 seconds
  Import took 0.004478 seconds .

========================================================================
Received Prepare
Registering precompiled user dll's ...
Registered in 0.004003 seconds.
Begin MonoManager ReloadAssembly
Native extension for OSXStandalone target not found
Native extension for WebGL target not found
Refreshing native plugins compatible for Editor in 0.17 ms, found 1 plugins.
Preloading 0 native plugins for Editor in 0.00 ms.
Invoked RoslynAnalysisRunner static constructor.
RoslynAnalysisRunner will not be running.
RoslynAnalysisRunner has terminated.
Mono: successfully reloaded assembly
- Completed reload, in  1.659 seconds
Platform modules already initialized, skipping
Refreshing native plugins compatible for Editor in 0.17 ms, found 1 plugins.
Preloading 0 native plugins for Editor in 0.00 ms.
Unloading 1109 Unused Serialized files (Serialized files now loaded: 0)
System memory in use before: 118.6 MB.
System memory in use after: 118.7 MB.

Unloading 5 unused Assets to reduce memory usage. Loaded Objects now: 1565.
Total: 1.203209 ms (FindLiveObjects: 0.126791 ms CreateObjectMapping: 0.022542 ms MarkObjects: 1.002417 ms  DeleteObjects: 0.050375 ms)

========================================================================
Received Prepare
Registering precompiled user dll's ...
Registered in 0.000200 seconds.
Begin MonoManager ReloadAssembly
Native extension for OSXStandalone target not found
Native extension for WebGL target not found
Refreshing native plugins compatible for Editor in 0.18 ms, found 1 plugins.
Preloading 0 native plugins for Editor in 0.00 ms.
Invoked RoslynAnalysisRunner static constructor.
RoslynAnalysisRunner will not be running.
RoslynAnalysisRunner has terminated.
Mono: successfully reloaded assembly
- Completed reload, in  1.615 seconds
Platform modules already initialized, skipping
Refreshing native plugins compatible for Editor in 0.10 ms, found 1 plugins.
Preloading 0 native plugins for Editor in 0.00 ms.
Unloading 1108 Unused Serialized files (Serialized files now loaded: 0)
System memory in use before: 118.7 MB.
System memory in use after: 118.8 MB.

Unloading 6 unused Assets to reduce memory usage. Loaded Objects now: 1567.
Total: 1.183292 ms (FindLiveObjects: 0.110583 ms CreateObjectMapping: 0.030708 ms MarkObjects: 1.000209 ms  DeleteObjects: 0.040750 ms)

========================================================================
Received Prepare
Registering precompiled user dll's ...
Registered in 0.000332 seconds.
Begin MonoManager ReloadAssembly
Native extension for OSXStandalone target not found
Native extension for WebGL target not found
Refreshing native plugins compatible for Editor in 0.19 ms, found 1 plugins.
Preloading 0 native plugins for Editor in 0.00 ms.
Invoked RoslynAnalysisRunner static constructor.
RoslynAnalysisRunner will not be running.
RoslynAnalysisRunner has terminated.
Mono: successfully reloaded assembly
- Completed reload, in  1.854 seconds
Platform modules already initialized, skipping
Refreshing native plugins compatible for Editor in 0.21 ms, found 1 plugins.
Preloading 0 native plugins for Editor in 0.00 ms.
Unloading 1109 Unused Serialized files (Serialized files now loaded: 0)
System memory in use before: 118.9 MB.
System memory in use after: 119.0 MB.

Unloading 5 unused Assets to reduce memory usage. Loaded Objects now: 1571.
Total: 2.669958 ms (FindLiveObjects: 0.143042 ms CreateObjectMapping: 0.023500 ms MarkObjects: 2.433791 ms  DeleteObjects: 0.068208 ms)

========================================================================
Received Prepare
Registering precompiled user dll's ...
Registered in 0.000204 seconds.
Begin MonoManager ReloadAssembly
Native extension for OSXStandalone target not found
Native extension for WebGL target not found
Refreshing native plugins compatible for Editor in 0.21 ms, found 1 plugins.
Preloading 0 native plugins for Editor in 0.00 ms.
Invoked RoslynAnalysisRunner static constructor.
RoslynAnalysisRunner will not be running.
RoslynAnalysisRunner has terminated.
Mono: successfully reloaded assembly
- Completed reload, in  1.752 seconds
Platform modules already initialized, skipping
Refreshing native plugins compatible for Editor in 0.12 ms, found 1 plugins.
Preloading 0 native plugins for Editor in 0.00 ms.
Unloading 1109 Unused Serialized files (Serialized files now loaded: 0)
System memory in use before: 119.1 MB.
System memory in use after: 119.2 MB.

Unloading 5 unused Assets to reduce memory usage. Loaded Objects now: 1574.
Total: 1.249500 ms (FindLiveObjects: 0.112334 ms CreateObjectMapping: 0.026375 ms MarkObjects: 1.068458 ms  DeleteObjects: 0.041125 ms)

========================================================================
Received Prepare
Registering precompiled user dll's ...
Registered in 0.000222 seconds.
Begin MonoManager ReloadAssembly
Native extension for OSXStandalone target not found
Native extension for WebGL target not found
Refreshing native plugins compatible for Editor in 0.17 ms, found 1 plugins.
Preloading 0 native plugins for Editor in 0.00 ms.
Invoked RoslynAnalysisRunner static constructor.
RoslynAnalysisRunner will not be running.
RoslynAnalysisRunner has terminated.
Mono: successfully reloaded assembly
- Completed reload, in  1.558 seconds
Platform modules already initialized, skipping
Refreshing native plugins compatible for Editor in 0.12 ms, found 1 plugins.
Preloading 0 native plugins for Editor in 0.00 ms.
Unloading 1109 Unused Serialized files (Serialized files now loaded: 0)
System memory in use before: 119.3 MB.
System memory in use after: 119.4 MB.

Unloading 5 unused Assets to reduce memory usage. Loaded Objects now: 1577.
Total: 1.175875 ms (FindLiveObjects: 0.101708 ms CreateObjectMapping: 0.024542 ms MarkObjects: 1.009541 ms  DeleteObjects: 0.039042 ms)

